GROUP,PACKAGE,CLASS,INSTRUCTION_MISSED,INSTRUCTION_COVERED,BRANCH_MISSED,BRANCH_COVERED,LINE_MISSED,LINE_COVERED,COMPLEXITY_MISSED,COMPLEXITY_COVERED,METHOD_MISSED,METHOD_COVERED
microservice-notes,com.mediscreen.mnotes,MicroserviceNotesApplication,5,3,0,0,2,1,1,1,1,1
microservice-notes,com.mediscreen.mnotes.service,NoteServiceImpl,0,122,0,8,0,30,0,11,0,7
microservice-notes,com.mediscreen.mnotes.exception,NoteNotUpdatedException,0,11,0,0,0,4,0,2,0,2
microservice-notes,com.mediscreen.mnotes.exception,NoteNotCreatedException,0,11,0,0,0,4,0,2,0,2
microservice-notes,com.mediscreen.mnotes.exception,NoteNotFoundException,0,11,0,0,0,4,0,2,0,2
microservice-notes,com.mediscreen.mnotes.exception,NoteNotDeletedException,0,11,0,0,0,4,0,2,0,2
microservice-notes,com.mediscreen.mnotes.model,Note,0,44,0,0,0,7,0,9,0,9
microservice-notes,com.mediscreen.mnotes.controller,NoteController,0,73,0,0,0,14,0,7,0,7
